<?xml version="1.0" encoding="UTF-8"?>
<!-- Generated by org.testng.reporters.JUnitReportReporter -->
<testsuite hostname="LAPTOP-RRORHA7N" failures="0" tests="3" name="restassuredTests.Demo1_GET_Request" time="11.325" errors="0" timestamp="2023-12-28T20:06:15 IST" skipped="0">
  <testcase classname="restassuredTests.Demo1_GET_Request" name="TC001getSingleUser" time="7.864"/>
  <system-out/>
  <testcase classname="restassuredTests.Demo1_GET_Request" name="TC003getSingleUserNotFound" time="0.943"/>
  <system-out/>
  <testcase classname="restassuredTests.Demo1_GET_Request" name="TC002getListUser" time="2.518"/>
  <system-out/>
</testsuite> <!-- restassuredTests.Demo1_GET_Request -->
