<?xml version="1.0" encoding="UTF-8"?>
<!-- Generated by org.testng.reporters.JUnitReportReporter -->
<testsuite hostname="LAPTOP-RRORHA7N" failures="0" tests="1" name="restassuredTests.Demo5_BasicValidations_JSON" time="5.569" errors="0" timestamp="2023-12-28T23:11:04 IST" skipped="0">
  <testcase classname="restassuredTests.Demo5_BasicValidations_JSON" name="testStatusCode" time="5.569"/>
  <system-out/>
</testsuite> <!-- restassuredTests.Demo5_BasicValidations_JSON -->
