<?xml version="1.0" encoding="UTF-8"?>
<!-- Generated by org.testng.reporters.JUnitReportReporter -->
<testsuite hostname="LAPTOP-RRORHA7N" failures="0" tests="1" name="restassuredTests.Demo2_POST_Request" time="9.061" errors="0" timestamp="2023-12-28T23:01:59 IST" skipped="0">
  <testcase classname="restassuredTests.Demo2_POST_Request" name="TC002PostRegisterSuccessful" time="9.061"/>
  <system-out/>
</testsuite> <!-- restassuredTests.Demo2_POST_Request -->
