<?xml version="1.0" encoding="UTF-8"?>
<!-- Generated by org.testng.reporters.JUnitReportReporter -->
<testsuite hostname="LAPTOP-RRORHA7N" failures="0" tests="1" name="restassuredTests.Demo3_PUT_Request" time="6.220" errors="0" timestamp="2023-12-28T23:10:32 IST" skipped="0">
  <testcase classname="restassuredTests.Demo3_PUT_Request" name="testPUT" time="6.220"/>
  <system-out/>
</testsuite> <!-- restassuredTests.Demo3_PUT_Request -->
