<?xml version="1.0" encoding="UTF-8"?>
<!-- Generated by org.testng.reporters.JUnitReportReporter -->
<testsuite hostname="LAPTOP-RRORHA7N" failures="0" tests="1" name="restassuredTests.Demo4_DELETE_Request" time="5.228" errors="0" timestamp="2023-12-28T23:10:49 IST" skipped="0">
  <testcase classname="restassuredTests.Demo4_DELETE_Request" name="testDELETE" time="5.228"/>
  <system-out/>
</testsuite> <!-- restassuredTests.Demo4_DELETE_Request -->
